<?xml version="1.0" encoding="UTF-8"?>
<!-- Generated by org.testng.reporters.JUnitReportReporter -->
<testsuite hostname="DESKTOP-8B8PBF3" failures="0" tests="1" name="goldLoan.GoldLoan_Test" time="0.001" errors="0" timestamp="2025-05-18T10:13:16 IST" skipped="0">
  <testcase classname="goldLoan.GoldLoan_Test" name="goldLoan_Test" time="0.001"/>
  <system-out/>
</testsuite> <!-- goldLoan.GoldLoan_Test -->
