<?xml version="1.0" encoding="UTF-8"?>
<!-- Generated by org.testng.reporters.JUnitReportReporter -->
<testsuite hostname="DESKTOP-8B8PBF3" failures="0" tests="1" name="Package_Build2.Testcases" time="18.578" errors="0" timestamp="2025-05-18T12:48:01 IST" skipped="0">
  <testcase classname="Package_Build2.Testcases" name="First_Test" time="18.578"/>
  <system-out/>
</testsuite> <!-- Package_Build2.Testcases -->
