<?xml version="1.0" encoding="UTF-8"?>
<!-- Generated by org.testng.reporters.JUnitReportReporter -->
<testsuite hostname="DESKTOP-8B8PBF3" failures="0" tests="6" name="dataProvider.dP_tc1_Test" time="0.021" errors="0" timestamp="2025-05-18T11:49:35 IST" skipped="0">
  <testcase classname="dataProvider.dP_tc1_Test" name="dt_Test2" time="0.002"/>
  <system-out/>
  <testcase classname="dataProvider.dP_tc1_Test" name="dt_Test2" time="0.005"/>
  <system-out/>
  <testcase classname="dataProvider.dP_tc1_Test" name="dt_Test2" time="0.004"/>
  <system-out/>
  <testcase classname="dataProvider.dP_tc1_Test" name="dt_Test1" time="0.006"/>
  <system-out/>
  <testcase classname="dataProvider.dP_tc1_Test" name="dt_Test1" time="0.002"/>
  <system-out/>
  <testcase classname="dataProvider.dP_tc1_Test" name="dt_Test1" time="0.002"/>
  <system-out/>
</testsuite> <!-- dataProvider.dP_tc1_Test -->
