<?xml version="1.0" encoding="UTF-8"?>
<!-- Generated by org.testng.reporters.JUnitReportReporter -->
<testsuite hostname="DESKTOP-8B8PBF3" failures="0" tests="1" name="homeLoan.HomeLoan_Test" time="0.023" errors="0" timestamp="2025-05-18T10:13:16 IST" skipped="0">
  <testcase classname="homeLoan.HomeLoan_Test" name="homeLoan_Test" time="0.023"/>
  <system-out/>
</testsuite> <!-- homeLoan.HomeLoan_Test -->
