<?xml version="1.0" encoding="UTF-8"?>
<!-- Generated by org.testng.reporters.JUnitReportReporter -->
<testsuite hostname="DESKTOP-8B8PBF3" failures="0" tests="1" name="package1_build1_demo.OrderOfExecutionNew_Test" time="10.589" errors="0" timestamp="2025-05-18T10:35:30 IST" skipped="0">
  <testcase classname="package1_build1_demo.OrderOfExecutionNew_Test" name="First_Test" time="10.589"/>
  <system-out/>
</testsuite> <!-- package1_build1_demo.OrderOfExecutionNew_Test -->
