<?xml version="1.0" encoding="UTF-8"?>
<!-- Generated by org.testng.reporters.JUnitReportReporter -->
<testsuite hostname="DESKTOP-8B8PBF3" failures="0" tests="3" name="Package_Build2.Testcases" time="8.246" errors="0" timestamp="2025-05-18T11:06:17 IST" skipped="0">
  <testcase classname="Package_Build2.Testcases" name="First_Test" time="2.881"/>
  <system-out/>
  <testcase classname="Package_Build2.Testcases" name="First_Test" time="2.751"/>
  <system-out/>
  <testcase classname="Package_Build2.Testcases" name="First_Test" time="2.614"/>
  <system-out/>
</testsuite> <!-- Package_Build2.Testcases -->
