<?xml version="1.0" encoding="UTF-8"?>
<!-- Generated by org.testng.reporters.JUnitReportReporter -->
<testsuite hostname="DESKTOP-8B8PBF3" failures="0" tests="3" name="package1_build1_demo.BasicTestNG_Test" time="0.019" errors="0" timestamp="2025-05-18T12:22:32 IST" skipped="0">
  <testcase classname="package1_build1_demo.BasicTestNG_Test" name="login_Test" time="0.016"/>
  <system-out>
    <![CDATA[login_Test ------Testcase2]]>
  </system-out>
  <testcase classname="package1_build1_demo.BasicTestNG_Test" name="logOut_Test" time="0.002"/>
  <system-out/>
  <testcase classname="package1_build1_demo.BasicTestNG_Test" name="Homepage_Test" time="0.001"/>
  <system-out/>
</testsuite> <!-- package1_build1_demo.BasicTestNG_Test -->
